<?xml version="1.0" encoding="UTF-8"?>
<testsuite name="agregar productos a carrito exito" tests="1" skipped="0" failures="0" errors="0" timestamp="2023-05-08T03:50:13" hostname="SQABOG-TGP4980" time="76.205">
  <properties/>
  <testcase name="agregar y validar productos agregados a carrito" classname="agregar productos a carrito exito" time="76.205"/>
  <system-out><![CDATA[7
249900
1
329900
6
199900
4
223000
8
329900
Cabecero 140X125 En Ecocuero Negro
Cabecero Tapizado Tela Base Cama Queen Rombos Marfil
Cabecero Para Cama Semidoble Dublin Negro
Cabecero Industrial Caramelo Para Cama De 140 X 190
Cabecero Tapizado Base Cama Queen Rombos Plateado
]]></system-out>
  <system-err><![CDATA[Starting ChromeDriver 113.0.5672.63 (0e1a4471d5ae5bf128b1bd8f4d627c8cbd55f70c-refs/branch-heads/5672@{#912}) on port 3944
Only local connections are allowed.
Please see https://chromedriver.chromium.org/security-considerations for suggestions on keeping ChromeDriver safe.
ChromeDriver was started successfully.
may 07, 2023 10:50:15 PM org.openqa.selenium.remote.ProtocolHandshake createSession
INFORMACIÃ“N: Detected dialect: W3C
[Test worker] INFO net.thucydides.core.steps.ConsoleLoggingListener - 
        __    _____ _____ ____ _____   ____   _    ____  ____  _____ ____  
  _     \ \  |_   _| ____/ ___|_   _| |  _ \ / \  / ___|/ ___|| ____|  _ \ 
 (_)_____| |   | | |  _| \___ \ | |   | |_) / _ \ \___ \\___ \|  _| | | | |
  _|_____| |   | | | |___ ___) || |   |  __/ ___ \ ___) |___) | |___| |_| |
 (_)     | |   |_| |_____|____/ |_|   |_| /_/   \_\____/|____/|_____|____/ 
        /_/                                                                

TEST PASSED: agregar y validar productos agregados a carrito
----------------------------------------------------------------------------
]]></system-err>
</testsuite>
